[0.013s] Invoking command in '/home/january/jan/project/project_ws/src/build/fishbot_navigation2': CMAKE_PREFIX_PATH=/opt/ros/humble /usr/bin/cmake /home/january/jan/project/project_ws/src/fishbot_navigation2 -DCMAKE_INSTALL_PREFIX=/home/january/jan/project/project_ws/src/install/fishbot_navigation2
[0.099s] -- The C compiler identification is GNU 11.4.0
[0.183s] -- The CXX compiler identification is GNU 11.4.0
[0.195s] -- Detecting C compiler ABI info
[0.275s] -- Detecting C compiler ABI info - done
[0.282s] -- Check for working C compiler: /usr/bin/cc - skipped
[0.282s] -- Detecting C compile features
[0.283s] -- Detecting C compile features - done
[0.286s] -- Detecting CXX compiler ABI info
[0.382s] -- Detecting CXX compiler ABI info - done
[0.390s] -- Check for working CXX compiler: /usr/bin/c++ - skipped
[0.390s] -- Detecting CXX compile features
[0.391s] -- Detecting CXX compile features - done
[0.395s] -- Found ament_cmake: 1.3.11 (/opt/ros/humble/share/ament_cmake/cmake)
[0.519s] -- Found Python3: /usr/bin/python3 (found version "3.10.12") found components: Interpreter 
[0.593s] -- Found ament_lint_auto: 0.12.12 (/opt/ros/humble/share/ament_lint_auto/cmake)
[0.654s] -- Added test 'flake8' to check Python code syntax and style conventions
[0.654s] -- Added test 'lint_cmake' to check CMake code style
[0.655s] -- Added test 'pep257' to check Python code against some of the docstring style conventions in PEP 257
[0.656s] -- Added test 'xmllint' to check XML markup files
[0.657s] -- Configuring done
[0.659s] -- Generating done
[0.661s] -- Build files have been written to: /home/january/jan/project/project_ws/src/build/fishbot_navigation2
[0.665s] Invoked command in '/home/january/jan/project/project_ws/src/build/fishbot_navigation2' returned '0': CMAKE_PREFIX_PATH=/opt/ros/humble /usr/bin/cmake /home/january/jan/project/project_ws/src/fishbot_navigation2 -DCMAKE_INSTALL_PREFIX=/home/january/jan/project/project_ws/src/install/fishbot_navigation2
[0.667s] Invoking command in '/home/january/jan/project/project_ws/src/build/fishbot_navigation2': CMAKE_PREFIX_PATH=/opt/ros/humble /usr/bin/cmake --build /home/january/jan/project/project_ws/src/build/fishbot_navigation2 -- -j16 -l16
[0.699s] Invoked command in '/home/january/jan/project/project_ws/src/build/fishbot_navigation2' returned '0': CMAKE_PREFIX_PATH=/opt/ros/humble /usr/bin/cmake --build /home/january/jan/project/project_ws/src/build/fishbot_navigation2 -- -j16 -l16
[0.710s] Invoking command in '/home/january/jan/project/project_ws/src/build/fishbot_navigation2': CMAKE_PREFIX_PATH=/opt/ros/humble /usr/bin/cmake --install /home/january/jan/project/project_ws/src/build/fishbot_navigation2
[0.717s] -- Install configuration: ""
[0.717s] -- Installing: /home/january/jan/project/project_ws/src/install/fishbot_navigation2/share/fishbot_navigation2/launch
[0.717s] -- Installing: /home/january/jan/project/project_ws/src/install/fishbot_navigation2/share/fishbot_navigation2/launch/navigation2_launch.py
[0.717s] -- Installing: /home/january/jan/project/project_ws/src/install/fishbot_navigation2/share/fishbot_navigation2/maps
[0.717s] -- Installing: /home/january/jan/project/project_ws/src/install/fishbot_navigation2/share/fishbot_navigation2/maps/room.yaml
[0.717s] -- Installing: /home/january/jan/project/project_ws/src/install/fishbot_navigation2/share/fishbot_navigation2/maps/room.pgm
[0.718s] -- Installing: /home/january/jan/project/project_ws/src/install/fishbot_navigation2/share/fishbot_navigation2/config
[0.718s] -- Installing: /home/january/jan/project/project_ws/src/install/fishbot_navigation2/share/fishbot_navigation2/config/nav2_params.yaml
[0.719s] -- Installing: /home/january/jan/project/project_ws/src/install/fishbot_navigation2/share/ament_index/resource_index/package_run_dependencies/fishbot_navigation2
[0.719s] -- Installing: /home/january/jan/project/project_ws/src/install/fishbot_navigation2/share/ament_index/resource_index/parent_prefix_path/fishbot_navigation2
[0.719s] -- Installing: /home/january/jan/project/project_ws/src/install/fishbot_navigation2/share/fishbot_navigation2/environment/ament_prefix_path.sh
[0.719s] -- Installing: /home/january/jan/project/project_ws/src/install/fishbot_navigation2/share/fishbot_navigation2/environment/ament_prefix_path.dsv
[0.719s] -- Installing: /home/january/jan/project/project_ws/src/install/fishbot_navigation2/share/fishbot_navigation2/environment/path.sh
[0.719s] -- Installing: /home/january/jan/project/project_ws/src/install/fishbot_navigation2/share/fishbot_navigation2/environment/path.dsv
[0.719s] -- Installing: /home/january/jan/project/project_ws/src/install/fishbot_navigation2/share/fishbot_navigation2/local_setup.bash
[0.719s] -- Installing: /home/january/jan/project/project_ws/src/install/fishbot_navigation2/share/fishbot_navigation2/local_setup.sh
[0.720s] -- Installing: /home/january/jan/project/project_ws/src/install/fishbot_navigation2/share/fishbot_navigation2/local_setup.zsh
[0.720s] -- Installing: /home/january/jan/project/project_ws/src/install/fishbot_navigation2/share/fishbot_navigation2/local_setup.dsv
[0.720s] -- Installing: /home/january/jan/project/project_ws/src/install/fishbot_navigation2/share/fishbot_navigation2/package.dsv
[0.720s] -- Installing: /home/january/jan/project/project_ws/src/install/fishbot_navigation2/share/ament_index/resource_index/packages/fishbot_navigation2
[0.720s] -- Installing: /home/january/jan/project/project_ws/src/install/fishbot_navigation2/share/fishbot_navigation2/cmake/fishbot_navigation2Config.cmake
[0.720s] -- Installing: /home/january/jan/project/project_ws/src/install/fishbot_navigation2/share/fishbot_navigation2/cmake/fishbot_navigation2Config-version.cmake
[0.720s] -- Installing: /home/january/jan/project/project_ws/src/install/fishbot_navigation2/share/fishbot_navigation2/package.xml
[0.722s] Invoked command in '/home/january/jan/project/project_ws/src/build/fishbot_navigation2' returned '0': CMAKE_PREFIX_PATH=/opt/ros/humble /usr/bin/cmake --install /home/january/jan/project/project_ws/src/build/fishbot_navigation2
