[0.139s] DEBUG:colcon:Command line arguments: ['/usr/bin/colcon', 'build']
[0.139s] DEBUG:colcon:Parsed command line arguments: Namespace(log_base=None, log_level=None, verb_name='build', build_base='build', install_base='install', merge_install=False, symlink_install=False, test_result_base=None, continue_on_error=False, executor='parallel', parallel_workers=16, event_handlers=None, ignore_user_meta=False, metas=['./colcon.meta'], base_paths=['.'], packages_ignore=None, packages_ignore_regex=None, paths=None, packages_up_to=None, packages_up_to_regex=None, packages_above=None, packages_above_and_dependencies=None, packages_above_depth=None, packages_select_by_dep=None, packages_skip_by_dep=None, packages_skip_up_to=None, packages_select_build_failed=False, packages_skip_build_finished=False, packages_select_test_failures=False, packages_skip_test_passed=False, packages_select=None, packages_skip=None, packages_select_regex=None, packages_skip_regex=None, packages_start=None, packages_end=None, allow_overriding=[], cmake_args=None, cmake_target=None, cmake_target_skip_unavailable=False, cmake_clean_cache=False, cmake_clean_first=False, cmake_force_configure=False, ament_cmake_args=None, catkin_cmake_args=None, catkin_skip_building_tests=False, verb_parser=<colcon_defaults.argument_parser.defaults.DefaultArgumentsDecorator object at 0x7c734df4c250>, verb_extension=<colcon_core.verb.build.BuildVerb object at 0x7c734df1b910>, main=<bound method BuildVerb.main of <colcon_core.verb.build.BuildVerb object at 0x7c734df1b910>>)
[0.351s] Level 1:colcon.colcon_core.package_discovery:discover_packages(colcon_meta) check parameters
[0.351s] Level 1:colcon.colcon_core.package_discovery:discover_packages(recursive) check parameters
[0.351s] Level 1:colcon.colcon_core.package_discovery:discover_packages(ignore) check parameters
[0.351s] Level 1:colcon.colcon_core.package_discovery:discover_packages(path) check parameters
[0.351s] Level 1:colcon.colcon_core.package_discovery:discover_packages(colcon_meta) discover
[0.351s] Level 1:colcon.colcon_core.package_discovery:discover_packages(recursive) discover
[0.351s] INFO:colcon.colcon_core.package_discovery:Crawling recursively for packages in '/home/january/jan/project/project_ws/src'
[0.351s] Level 1:colcon.colcon_core.package_identification:_identify(.) by extensions ['ignore', 'ignore_ament_install']
[0.351s] Level 1:colcon.colcon_core.package_identification:_identify(.) by extension 'ignore'
[0.352s] Level 1:colcon.colcon_core.package_identification:_identify(.) by extension 'ignore_ament_install'
[0.352s] Level 1:colcon.colcon_core.package_identification:_identify(.) by extensions ['colcon_pkg']
[0.352s] Level 1:colcon.colcon_core.package_identification:_identify(.) by extension 'colcon_pkg'
[0.352s] Level 1:colcon.colcon_core.package_identification:_identify(.) by extensions ['colcon_meta']
[0.352s] Level 1:colcon.colcon_core.package_identification:_identify(.) by extension 'colcon_meta'
[0.352s] Level 1:colcon.colcon_core.package_identification:_identify(.) by extensions ['ros']
[0.352s] Level 1:colcon.colcon_core.package_identification:_identify(.) by extension 'ros'
[0.364s] Level 1:colcon.colcon_core.package_identification:_identify(.) by extensions ['cmake', 'python']
[0.364s] Level 1:colcon.colcon_core.package_identification:_identify(.) by extension 'cmake'
[0.364s] Level 1:colcon.colcon_core.package_identification:_identify(.) by extension 'python'
[0.364s] Level 1:colcon.colcon_core.package_identification:_identify(.) by extensions ['python_setup_py']
[0.364s] Level 1:colcon.colcon_core.package_identification:_identify(.) by extension 'python_setup_py'
[0.364s] Level 1:colcon.colcon_core.package_identification:_identify(build) by extensions ['ignore', 'ignore_ament_install']
[0.364s] Level 1:colcon.colcon_core.package_identification:_identify(build) by extension 'ignore'
[0.364s] Level 1:colcon.colcon_core.package_identification:_identify(build) ignored
[0.364s] Level 1:colcon.colcon_core.package_identification:_identify(fishbot_description) by extensions ['ignore', 'ignore_ament_install']
[0.364s] Level 1:colcon.colcon_core.package_identification:_identify(fishbot_description) by extension 'ignore'
[0.364s] Level 1:colcon.colcon_core.package_identification:_identify(fishbot_description) by extension 'ignore_ament_install'
[0.364s] Level 1:colcon.colcon_core.package_identification:_identify(fishbot_description) by extensions ['colcon_pkg']
[0.364s] Level 1:colcon.colcon_core.package_identification:_identify(fishbot_description) by extension 'colcon_pkg'
[0.365s] Level 1:colcon.colcon_core.package_identification:_identify(fishbot_description) by extensions ['colcon_meta']
[0.365s] Level 1:colcon.colcon_core.package_identification:_identify(fishbot_description) by extension 'colcon_meta'
[0.365s] Level 1:colcon.colcon_core.package_identification:_identify(fishbot_description) by extensions ['ros']
[0.365s] Level 1:colcon.colcon_core.package_identification:_identify(fishbot_description) by extension 'ros'
[0.367s] DEBUG:colcon.colcon_core.package_identification:Package 'fishbot_description' with type 'ros.ament_cmake' and name 'fishbot_description'
[0.367s] Level 1:colcon.colcon_core.package_identification:_identify(fishbot_navigation2) by extensions ['ignore', 'ignore_ament_install']
[0.367s] Level 1:colcon.colcon_core.package_identification:_identify(fishbot_navigation2) by extension 'ignore'
[0.367s] Level 1:colcon.colcon_core.package_identification:_identify(fishbot_navigation2) by extension 'ignore_ament_install'
[0.368s] Level 1:colcon.colcon_core.package_identification:_identify(fishbot_navigation2) by extensions ['colcon_pkg']
[0.368s] Level 1:colcon.colcon_core.package_identification:_identify(fishbot_navigation2) by extension 'colcon_pkg'
[0.368s] Level 1:colcon.colcon_core.package_identification:_identify(fishbot_navigation2) by extensions ['colcon_meta']
[0.368s] Level 1:colcon.colcon_core.package_identification:_identify(fishbot_navigation2) by extension 'colcon_meta'
[0.368s] Level 1:colcon.colcon_core.package_identification:_identify(fishbot_navigation2) by extensions ['ros']
[0.368s] Level 1:colcon.colcon_core.package_identification:_identify(fishbot_navigation2) by extension 'ros'
[0.368s] DEBUG:colcon.colcon_core.package_identification:Package 'fishbot_navigation2' with type 'ros.ament_cmake' and name 'fishbot_navigation2'
[0.368s] Level 1:colcon.colcon_core.package_identification:_identify(install) by extensions ['ignore', 'ignore_ament_install']
[0.368s] Level 1:colcon.colcon_core.package_identification:_identify(install) by extension 'ignore'
[0.369s] Level 1:colcon.colcon_core.package_identification:_identify(install) ignored
[0.369s] Level 1:colcon.colcon_core.package_identification:_identify(log) by extensions ['ignore', 'ignore_ament_install']
[0.369s] Level 1:colcon.colcon_core.package_identification:_identify(log) by extension 'ignore'
[0.369s] Level 1:colcon.colcon_core.package_identification:_identify(log) ignored
[0.369s] Level 1:colcon.colcon_core.package_discovery:discover_packages(recursive) using defaults
[0.369s] Level 1:colcon.colcon_core.package_discovery:discover_packages(ignore) discover
[0.369s] Level 1:colcon.colcon_core.package_discovery:discover_packages(ignore) using defaults
[0.369s] Level 1:colcon.colcon_core.package_discovery:discover_packages(path) discover
[0.369s] Level 1:colcon.colcon_core.package_discovery:discover_packages(path) using defaults
[0.391s] Level 1:colcon.colcon_core.package_discovery:discover_packages(prefix_path) check parameters
[0.391s] Level 1:colcon.colcon_core.package_discovery:discover_packages(prefix_path) discover
[0.395s] DEBUG:colcon.colcon_installed_package_information.package_discovery:Found 346 installed packages in /opt/ros/humble
[0.406s] Level 1:colcon.colcon_core.package_discovery:discover_packages(prefix_path) using defaults
[0.449s] Level 5:colcon.colcon_core.verb:set package 'fishbot_description' build argument 'cmake_args' from command line to 'None'
[0.449s] Level 5:colcon.colcon_core.verb:set package 'fishbot_description' build argument 'cmake_target' from command line to 'None'
[0.449s] Level 5:colcon.colcon_core.verb:set package 'fishbot_description' build argument 'cmake_target_skip_unavailable' from command line to 'False'
[0.449s] Level 5:colcon.colcon_core.verb:set package 'fishbot_description' build argument 'cmake_clean_cache' from command line to 'False'
[0.449s] Level 5:colcon.colcon_core.verb:set package 'fishbot_description' build argument 'cmake_clean_first' from command line to 'False'
[0.449s] Level 5:colcon.colcon_core.verb:set package 'fishbot_description' build argument 'cmake_force_configure' from command line to 'False'
[0.449s] Level 5:colcon.colcon_core.verb:set package 'fishbot_description' build argument 'ament_cmake_args' from command line to 'None'
[0.449s] Level 5:colcon.colcon_core.verb:set package 'fishbot_description' build argument 'catkin_cmake_args' from command line to 'None'
[0.449s] Level 5:colcon.colcon_core.verb:set package 'fishbot_description' build argument 'catkin_skip_building_tests' from command line to 'False'
[0.449s] DEBUG:colcon.colcon_core.verb:Building package 'fishbot_description' with the following arguments: {'ament_cmake_args': None, 'build_base': '/home/january/jan/project/project_ws/src/build/fishbot_description', 'catkin_cmake_args': None, 'catkin_skip_building_tests': False, 'cmake_args': None, 'cmake_clean_cache': False, 'cmake_clean_first': False, 'cmake_force_configure': False, 'cmake_target': None, 'cmake_target_skip_unavailable': False, 'install_base': '/home/january/jan/project/project_ws/src/install/fishbot_description', 'merge_install': False, 'path': '/home/january/jan/project/project_ws/src/fishbot_description', 'symlink_install': False, 'test_result_base': None}
[0.449s] Level 5:colcon.colcon_core.verb:set package 'fishbot_navigation2' build argument 'cmake_args' from command line to 'None'
[0.449s] Level 5:colcon.colcon_core.verb:set package 'fishbot_navigation2' build argument 'cmake_target' from command line to 'None'
[0.449s] Level 5:colcon.colcon_core.verb:set package 'fishbot_navigation2' build argument 'cmake_target_skip_unavailable' from command line to 'False'
[0.449s] Level 5:colcon.colcon_core.verb:set package 'fishbot_navigation2' build argument 'cmake_clean_cache' from command line to 'False'
[0.450s] Level 5:colcon.colcon_core.verb:set package 'fishbot_navigation2' build argument 'cmake_clean_first' from command line to 'False'
[0.450s] Level 5:colcon.colcon_core.verb:set package 'fishbot_navigation2' build argument 'cmake_force_configure' from command line to 'False'
[0.450s] Level 5:colcon.colcon_core.verb:set package 'fishbot_navigation2' build argument 'ament_cmake_args' from command line to 'None'
[0.450s] Level 5:colcon.colcon_core.verb:set package 'fishbot_navigation2' build argument 'catkin_cmake_args' from command line to 'None'
[0.450s] Level 5:colcon.colcon_core.verb:set package 'fishbot_navigation2' build argument 'catkin_skip_building_tests' from command line to 'False'
[0.450s] DEBUG:colcon.colcon_core.verb:Building package 'fishbot_navigation2' with the following arguments: {'ament_cmake_args': None, 'build_base': '/home/january/jan/project/project_ws/src/build/fishbot_navigation2', 'catkin_cmake_args': None, 'catkin_skip_building_tests': False, 'cmake_args': None, 'cmake_clean_cache': False, 'cmake_clean_first': False, 'cmake_force_configure': False, 'cmake_target': None, 'cmake_target_skip_unavailable': False, 'install_base': '/home/january/jan/project/project_ws/src/install/fishbot_navigation2', 'merge_install': False, 'path': '/home/january/jan/project/project_ws/src/fishbot_navigation2', 'symlink_install': False, 'test_result_base': None}
[0.450s] INFO:colcon.colcon_core.executor:Executing jobs using 'parallel' executor
[0.451s] DEBUG:colcon.colcon_parallel_executor.executor.parallel:run_until_complete
[0.451s] INFO:colcon.colcon_ros.task.ament_cmake.build:Building ROS package in '/home/january/jan/project/project_ws/src/fishbot_description' with build type 'ament_cmake'
[0.451s] INFO:colcon.colcon_cmake.task.cmake.build:Building CMake package in '/home/january/jan/project/project_ws/src/fishbot_description'
[0.454s] INFO:colcon.colcon_core.plugin_system:Skipping extension 'colcon_core.shell.bat': Not used on non-Windows systems
[0.454s] INFO:colcon.colcon_core.shell:Skip shell extension 'powershell' for command environment: Not usable outside of PowerShell
[0.454s] DEBUG:colcon.colcon_core.shell:Skip shell extension 'dsv' for command environment
[0.458s] INFO:colcon.colcon_ros.task.ament_cmake.build:Building ROS package in '/home/january/jan/project/project_ws/src/fishbot_navigation2' with build type 'ament_cmake'
[0.458s] INFO:colcon.colcon_cmake.task.cmake.build:Building CMake package in '/home/january/jan/project/project_ws/src/fishbot_navigation2'
[0.458s] INFO:colcon.colcon_core.shell:Skip shell extension 'powershell' for command environment: Not usable outside of PowerShell
[0.458s] DEBUG:colcon.colcon_core.shell:Skip shell extension 'dsv' for command environment
[0.465s] DEBUG:colcon.colcon_core.event_handler.log_command:Invoking command in '/home/january/jan/project/project_ws/src/build/fishbot_description': CMAKE_PREFIX_PATH=/opt/ros/humble /usr/bin/cmake /home/january/jan/project/project_ws/src/fishbot_description -DCMAKE_INSTALL_PREFIX=/home/january/jan/project/project_ws/src/install/fishbot_description
[0.472s] DEBUG:colcon.colcon_core.event_handler.log_command:Invoking command in '/home/january/jan/project/project_ws/src/build/fishbot_navigation2': CMAKE_PREFIX_PATH=/opt/ros/humble /usr/bin/cmake /home/january/jan/project/project_ws/src/fishbot_navigation2 -DCMAKE_INSTALL_PREFIX=/home/january/jan/project/project_ws/src/install/fishbot_navigation2
[1.123s] DEBUG:colcon.colcon_core.event_handler.log_command:Invoked command in '/home/january/jan/project/project_ws/src/build/fishbot_navigation2' returned '0': CMAKE_PREFIX_PATH=/opt/ros/humble /usr/bin/cmake /home/january/jan/project/project_ws/src/fishbot_navigation2 -DCMAKE_INSTALL_PREFIX=/home/january/jan/project/project_ws/src/install/fishbot_navigation2
[1.125s] DEBUG:colcon.colcon_core.event_handler.log_command:Invoking command in '/home/january/jan/project/project_ws/src/build/fishbot_navigation2': CMAKE_PREFIX_PATH=/opt/ros/humble /usr/bin/cmake --build /home/january/jan/project/project_ws/src/build/fishbot_navigation2 -- -j16 -l16
[1.126s] DEBUG:colcon.colcon_core.event_handler.log_command:Invoked command in '/home/january/jan/project/project_ws/src/build/fishbot_description' returned '0': CMAKE_PREFIX_PATH=/opt/ros/humble /usr/bin/cmake /home/january/jan/project/project_ws/src/fishbot_description -DCMAKE_INSTALL_PREFIX=/home/january/jan/project/project_ws/src/install/fishbot_description
[1.127s] DEBUG:colcon.colcon_core.event_handler.log_command:Invoking command in '/home/january/jan/project/project_ws/src/build/fishbot_description': CMAKE_PREFIX_PATH=/opt/ros/humble /usr/bin/cmake --build /home/january/jan/project/project_ws/src/build/fishbot_description -- -j16 -l16
[1.157s] DEBUG:colcon.colcon_core.event_handler.log_command:Invoked command in '/home/january/jan/project/project_ws/src/build/fishbot_navigation2' returned '0': CMAKE_PREFIX_PATH=/opt/ros/humble /usr/bin/cmake --build /home/january/jan/project/project_ws/src/build/fishbot_navigation2 -- -j16 -l16
[1.169s] DEBUG:colcon.colcon_core.event_handler.log_command:Invoking command in '/home/january/jan/project/project_ws/src/build/fishbot_navigation2': CMAKE_PREFIX_PATH=/opt/ros/humble /usr/bin/cmake --install /home/january/jan/project/project_ws/src/build/fishbot_navigation2
[1.170s] DEBUG:colcon.colcon_core.event_handler.log_command:Invoked command in '/home/january/jan/project/project_ws/src/build/fishbot_description' returned '0': CMAKE_PREFIX_PATH=/opt/ros/humble /usr/bin/cmake --build /home/january/jan/project/project_ws/src/build/fishbot_description -- -j16 -l16
[1.170s] DEBUG:colcon.colcon_core.event_handler.log_command:Invoking command in '/home/january/jan/project/project_ws/src/build/fishbot_description': CMAKE_PREFIX_PATH=/opt/ros/humble /usr/bin/cmake --install /home/january/jan/project/project_ws/src/build/fishbot_description
[1.181s] Level 1:colcon.colcon_core.environment:create_environment_scripts_only(fishbot_navigation2)
[1.181s] DEBUG:colcon.colcon_core.event_handler.log_command:Invoked command in '/home/january/jan/project/project_ws/src/build/fishbot_navigation2' returned '0': CMAKE_PREFIX_PATH=/opt/ros/humble /usr/bin/cmake --install /home/january/jan/project/project_ws/src/build/fishbot_navigation2
[1.184s] Level 1:colcon.colcon_core.environment:checking '/home/january/jan/project/project_ws/src/install/fishbot_navigation2' for CMake module files
[1.185s] Level 1:colcon.colcon_core.environment:checking '/home/january/jan/project/project_ws/src/install/fishbot_navigation2' for CMake config files
[1.185s] Level 1:colcon.colcon_core.shell:create_environment_hook('fishbot_navigation2', 'cmake_prefix_path')
[1.185s] INFO:colcon.colcon_core.shell:Creating environment hook '/home/january/jan/project/project_ws/src/install/fishbot_navigation2/share/fishbot_navigation2/hook/cmake_prefix_path.ps1'
[1.186s] INFO:colcon.colcon_core.shell:Creating environment descriptor '/home/january/jan/project/project_ws/src/install/fishbot_navigation2/share/fishbot_navigation2/hook/cmake_prefix_path.dsv'
[1.186s] INFO:colcon.colcon_core.shell:Creating environment hook '/home/january/jan/project/project_ws/src/install/fishbot_navigation2/share/fishbot_navigation2/hook/cmake_prefix_path.sh'
[1.187s] Level 1:colcon.colcon_core.environment:checking '/home/january/jan/project/project_ws/src/install/fishbot_navigation2/bin'
[1.187s] Level 1:colcon.colcon_core.environment:checking '/home/january/jan/project/project_ws/src/install/fishbot_navigation2/lib/pkgconfig/fishbot_navigation2.pc'
[1.187s] Level 1:colcon.colcon_core.environment:checking '/home/january/jan/project/project_ws/src/install/fishbot_navigation2/lib/python3.10/site-packages'
[1.187s] Level 1:colcon.colcon_core.environment:checking '/home/january/jan/project/project_ws/src/install/fishbot_navigation2/bin'
[1.187s] INFO:colcon.colcon_core.shell:Creating package script '/home/january/jan/project/project_ws/src/install/fishbot_navigation2/share/fishbot_navigation2/package.ps1'
[1.188s] INFO:colcon.colcon_core.shell:Creating package descriptor '/home/january/jan/project/project_ws/src/install/fishbot_navigation2/share/fishbot_navigation2/package.dsv'
[1.188s] INFO:colcon.colcon_core.shell:Creating package script '/home/january/jan/project/project_ws/src/install/fishbot_navigation2/share/fishbot_navigation2/package.sh'
[1.189s] INFO:colcon.colcon_core.shell:Creating package script '/home/january/jan/project/project_ws/src/install/fishbot_navigation2/share/fishbot_navigation2/package.bash'
[1.189s] INFO:colcon.colcon_core.shell:Creating package script '/home/january/jan/project/project_ws/src/install/fishbot_navigation2/share/fishbot_navigation2/package.zsh'
[1.190s] Level 1:colcon.colcon_core.environment:create_file_with_runtime_dependencies(/home/january/jan/project/project_ws/src/install/fishbot_navigation2/share/colcon-core/packages/fishbot_navigation2)
[1.190s] Level 1:colcon.colcon_core.environment:create_environment_scripts_only(fishbot_navigation2)
[1.190s] Level 1:colcon.colcon_core.environment:checking '/home/january/jan/project/project_ws/src/install/fishbot_navigation2' for CMake module files
[1.191s] Level 1:colcon.colcon_core.environment:checking '/home/january/jan/project/project_ws/src/install/fishbot_navigation2' for CMake config files
[1.191s] Level 1:colcon.colcon_core.shell:create_environment_hook('fishbot_navigation2', 'cmake_prefix_path')
[1.191s] INFO:colcon.colcon_core.shell:Creating environment hook '/home/january/jan/project/project_ws/src/install/fishbot_navigation2/share/fishbot_navigation2/hook/cmake_prefix_path.ps1'
[1.191s] INFO:colcon.colcon_core.shell:Creating environment descriptor '/home/january/jan/project/project_ws/src/install/fishbot_navigation2/share/fishbot_navigation2/hook/cmake_prefix_path.dsv'
[1.191s] INFO:colcon.colcon_core.shell:Creating environment hook '/home/january/jan/project/project_ws/src/install/fishbot_navigation2/share/fishbot_navigation2/hook/cmake_prefix_path.sh'
[1.192s] Level 1:colcon.colcon_core.environment:checking '/home/january/jan/project/project_ws/src/install/fishbot_navigation2/bin'
[1.192s] Level 1:colcon.colcon_core.environment:checking '/home/january/jan/project/project_ws/src/install/fishbot_navigation2/lib/pkgconfig/fishbot_navigation2.pc'
[1.192s] Level 1:colcon.colcon_core.environment:checking '/home/january/jan/project/project_ws/src/install/fishbot_navigation2/lib/python3.10/site-packages'
[1.192s] Level 1:colcon.colcon_core.environment:checking '/home/january/jan/project/project_ws/src/install/fishbot_navigation2/bin'
[1.192s] INFO:colcon.colcon_core.shell:Creating package script '/home/january/jan/project/project_ws/src/install/fishbot_navigation2/share/fishbot_navigation2/package.ps1'
[1.193s] INFO:colcon.colcon_core.shell:Creating package descriptor '/home/january/jan/project/project_ws/src/install/fishbot_navigation2/share/fishbot_navigation2/package.dsv'
[1.193s] INFO:colcon.colcon_core.shell:Creating package script '/home/january/jan/project/project_ws/src/install/fishbot_navigation2/share/fishbot_navigation2/package.sh'
[1.193s] INFO:colcon.colcon_core.shell:Creating package script '/home/january/jan/project/project_ws/src/install/fishbot_navigation2/share/fishbot_navigation2/package.bash'
[1.193s] INFO:colcon.colcon_core.shell:Creating package script '/home/january/jan/project/project_ws/src/install/fishbot_navigation2/share/fishbot_navigation2/package.zsh'
[1.194s] Level 1:colcon.colcon_core.environment:create_file_with_runtime_dependencies(/home/january/jan/project/project_ws/src/install/fishbot_navigation2/share/colcon-core/packages/fishbot_navigation2)
[1.194s] Level 1:colcon.colcon_core.environment:create_environment_scripts_only(fishbot_description)
[1.195s] DEBUG:colcon.colcon_core.event_handler.log_command:Invoked command in '/home/january/jan/project/project_ws/src/build/fishbot_description' returned '0': CMAKE_PREFIX_PATH=/opt/ros/humble /usr/bin/cmake --install /home/january/jan/project/project_ws/src/build/fishbot_description
[1.195s] Level 1:colcon.colcon_core.environment:checking '/home/january/jan/project/project_ws/src/install/fishbot_description' for CMake module files
[1.195s] Level 1:colcon.colcon_core.environment:checking '/home/january/jan/project/project_ws/src/install/fishbot_description' for CMake config files
[1.196s] Level 1:colcon.colcon_core.shell:create_environment_hook('fishbot_description', 'cmake_prefix_path')
[1.196s] INFO:colcon.colcon_core.shell:Creating environment hook '/home/january/jan/project/project_ws/src/install/fishbot_description/share/fishbot_description/hook/cmake_prefix_path.ps1'
[1.196s] INFO:colcon.colcon_core.shell:Creating environment descriptor '/home/january/jan/project/project_ws/src/install/fishbot_description/share/fishbot_description/hook/cmake_prefix_path.dsv'
[1.196s] INFO:colcon.colcon_core.shell:Creating environment hook '/home/january/jan/project/project_ws/src/install/fishbot_description/share/fishbot_description/hook/cmake_prefix_path.sh'
[1.197s] Level 1:colcon.colcon_core.environment:checking '/home/january/jan/project/project_ws/src/install/fishbot_description/bin'
[1.197s] Level 1:colcon.colcon_core.environment:checking '/home/january/jan/project/project_ws/src/install/fishbot_description/lib/pkgconfig/fishbot_description.pc'
[1.197s] Level 1:colcon.colcon_core.environment:checking '/home/january/jan/project/project_ws/src/install/fishbot_description/lib/python3.10/site-packages'
[1.197s] Level 1:colcon.colcon_core.environment:checking '/home/january/jan/project/project_ws/src/install/fishbot_description/bin'
[1.197s] INFO:colcon.colcon_core.shell:Creating package script '/home/january/jan/project/project_ws/src/install/fishbot_description/share/fishbot_description/package.ps1'
[1.197s] INFO:colcon.colcon_core.shell:Creating package descriptor '/home/january/jan/project/project_ws/src/install/fishbot_description/share/fishbot_description/package.dsv'
[1.198s] INFO:colcon.colcon_core.shell:Creating package script '/home/january/jan/project/project_ws/src/install/fishbot_description/share/fishbot_description/package.sh'
[1.198s] INFO:colcon.colcon_core.shell:Creating package script '/home/january/jan/project/project_ws/src/install/fishbot_description/share/fishbot_description/package.bash'
[1.198s] INFO:colcon.colcon_core.shell:Creating package script '/home/january/jan/project/project_ws/src/install/fishbot_description/share/fishbot_description/package.zsh'
[1.199s] Level 1:colcon.colcon_core.environment:create_file_with_runtime_dependencies(/home/january/jan/project/project_ws/src/install/fishbot_description/share/colcon-core/packages/fishbot_description)
[1.199s] Level 1:colcon.colcon_core.environment:create_environment_scripts_only(fishbot_description)
[1.199s] Level 1:colcon.colcon_core.environment:checking '/home/january/jan/project/project_ws/src/install/fishbot_description' for CMake module files
[1.200s] Level 1:colcon.colcon_core.environment:checking '/home/january/jan/project/project_ws/src/install/fishbot_description' for CMake config files
[1.200s] Level 1:colcon.colcon_core.shell:create_environment_hook('fishbot_description', 'cmake_prefix_path')
[1.200s] INFO:colcon.colcon_core.shell:Creating environment hook '/home/january/jan/project/project_ws/src/install/fishbot_description/share/fishbot_description/hook/cmake_prefix_path.ps1'
[1.200s] INFO:colcon.colcon_core.shell:Creating environment descriptor '/home/january/jan/project/project_ws/src/install/fishbot_description/share/fishbot_description/hook/cmake_prefix_path.dsv'
[1.200s] INFO:colcon.colcon_core.shell:Creating environment hook '/home/january/jan/project/project_ws/src/install/fishbot_description/share/fishbot_description/hook/cmake_prefix_path.sh'
[1.201s] Level 1:colcon.colcon_core.environment:checking '/home/january/jan/project/project_ws/src/install/fishbot_description/bin'
[1.201s] Level 1:colcon.colcon_core.environment:checking '/home/january/jan/project/project_ws/src/install/fishbot_description/lib/pkgconfig/fishbot_description.pc'
[1.201s] Level 1:colcon.colcon_core.environment:checking '/home/january/jan/project/project_ws/src/install/fishbot_description/lib/python3.10/site-packages'
[1.201s] Level 1:colcon.colcon_core.environment:checking '/home/january/jan/project/project_ws/src/install/fishbot_description/bin'
[1.201s] INFO:colcon.colcon_core.shell:Creating package script '/home/january/jan/project/project_ws/src/install/fishbot_description/share/fishbot_description/package.ps1'
[1.202s] INFO:colcon.colcon_core.shell:Creating package descriptor '/home/january/jan/project/project_ws/src/install/fishbot_description/share/fishbot_description/package.dsv'
[1.202s] INFO:colcon.colcon_core.shell:Creating package script '/home/january/jan/project/project_ws/src/install/fishbot_description/share/fishbot_description/package.sh'
[1.202s] INFO:colcon.colcon_core.shell:Creating package script '/home/january/jan/project/project_ws/src/install/fishbot_description/share/fishbot_description/package.bash'
[1.202s] INFO:colcon.colcon_core.shell:Creating package script '/home/january/jan/project/project_ws/src/install/fishbot_description/share/fishbot_description/package.zsh'
[1.203s] Level 1:colcon.colcon_core.environment:create_file_with_runtime_dependencies(/home/january/jan/project/project_ws/src/install/fishbot_description/share/colcon-core/packages/fishbot_description)
[1.203s] DEBUG:colcon.colcon_parallel_executor.executor.parallel:closing loop
[1.203s] DEBUG:colcon.colcon_parallel_executor.executor.parallel:loop closed
[1.203s] DEBUG:colcon.colcon_parallel_executor.executor.parallel:run_until_complete finished with '0'
[1.203s] DEBUG:colcon.colcon_core.event_reactor:joining thread
[1.208s] INFO:colcon.colcon_core.plugin_system:Skipping extension 'colcon_notification.desktop_notification.terminal_notifier': Not used on non-Darwin systems
[1.208s] INFO:colcon.colcon_core.plugin_system:Skipping extension 'colcon_notification.desktop_notification.win32': Not used on non-Windows systems
[1.208s] INFO:colcon.colcon_notification.desktop_notification:Sending desktop notification using 'notify2'
[1.220s] DEBUG:colcon.colcon_core.event_reactor:joined thread
[1.221s] INFO:colcon.colcon_core.shell:Creating prefix script '/home/january/jan/project/project_ws/src/install/local_setup.ps1'
[1.222s] INFO:colcon.colcon_core.shell:Creating prefix util module '/home/january/jan/project/project_ws/src/install/_local_setup_util_ps1.py'
[1.223s] INFO:colcon.colcon_core.shell:Creating prefix chain script '/home/january/jan/project/project_ws/src/install/setup.ps1'
[1.224s] INFO:colcon.colcon_core.shell:Creating prefix script '/home/january/jan/project/project_ws/src/install/local_setup.sh'
[1.224s] INFO:colcon.colcon_core.shell:Creating prefix util module '/home/january/jan/project/project_ws/src/install/_local_setup_util_sh.py'
[1.225s] INFO:colcon.colcon_core.shell:Creating prefix chain script '/home/january/jan/project/project_ws/src/install/setup.sh'
[1.225s] INFO:colcon.colcon_core.shell:Creating prefix script '/home/january/jan/project/project_ws/src/install/local_setup.bash'
[1.226s] INFO:colcon.colcon_core.shell:Creating prefix chain script '/home/january/jan/project/project_ws/src/install/setup.bash'
[1.226s] INFO:colcon.colcon_core.shell:Creating prefix script '/home/january/jan/project/project_ws/src/install/local_setup.zsh'
[1.227s] INFO:colcon.colcon_core.shell:Creating prefix chain script '/home/january/jan/project/project_ws/src/install/setup.zsh'
